0 info it worked if it ends with ok
1 verbose cli [ '/usr/bin/nodejs', '/usr/bin/npm', 'start' ]
2 info using npm@3.5.2
3 info using node@v4.2.6
4 verbose run-script [ 'prestart', 'start', 'poststart' ]
5 info lifecycle react-router-daemi@0.1.0~prestart: react-router-daemi@0.1.0
6 silly lifecycle react-router-daemi@0.1.0~prestart: no script for prestart, continuing
7 info lifecycle react-router-daemi@0.1.0~start: react-router-daemi@0.1.0
8 verbose lifecycle react-router-daemi@0.1.0~start: unsafe-perm in lifecycle true
9 verbose lifecycle react-router-daemi@0.1.0~start: PATH: /usr/share/npm/bin/node-gyp-bin:/mnt/c/Users/Pétur PC/Desktop/Gits/vef2-2018/fyrirlestrar/09/daemi/react-router/node_modules/.bin:/home/rutep/bin:/home/rutep/.local/bin:/usr/local/sbin:/usr/local/bin:/usr/sbin:/usr/bin:/sbin:/bin:/usr/games:/usr/local/games:/mnt/c/ProgramData/Oracle/Java/javapath_target_1032515:/mnt/c/Program Files (x86)/NVIDIA Corporation/PhysX/Common:/mnt/c/Windows/System32:/mnt/c/Windows:/mnt/c/Windows/System32/wbem:/mnt/c/Windows/System32/WindowsPowerShell/v1.0:/mnt/c/Program Files/MiKTeX 2.9/miktex/bin/x64:/mnt/c/CamlLight/bin:/mnt/c/Program Files (x86)/Calibre2:/mnt/c/Program Files/Git/cmd:/mnt/c/Program Files/nodejs:/mnt/c/Program Files/MySQL/MySQL Utilities 1.6:/mnt/c/PostgreSQL/pg96/bin:/mnt/c/Users/Pétur PC/AppData/Roaming/local/bin:/mnt/c/Users/Pétur PC/AppData/Local/Microsoft/WindowsApps:/mnt/c/Program Files/nodejs:/mnt/c/Users/Pétur PC/AppData/Local/GitHubDesktop/bin:/mnt/c/Users/Pétur PC/AppData/Local/Microsoft/WindowsApps:/mnt/c/Program Files/Git/bin:/mnt/c/Users/Pétur PC/AppData/Roaming/npm:/mnt/c/Program Files/Microsoft VS Code/bin:/mnt/c/Program Files/Java/jdk1.8.0_161/bin:/mnt/c/Windows/System32:/mnt/c/ProgramData/Microsoft/Windows/Start Menu/Programs/PostgreSQL:/mnt/c/Program Files/Heroku/bin:/snap/bin
10 verbose lifecycle react-router-daemi@0.1.0~start: CWD: /mnt/c/Users/Pétur PC/Desktop/Gits/vef2-2018/fyrirlestrar/09/daemi/react-router
11 silly lifecycle react-router-daemi@0.1.0~start: Args: [ '-c', 'react-scripts start' ]
12 silly lifecycle react-router-daemi@0.1.0~start: Returned: code: 1  signal: null
13 info lifecycle react-router-daemi@0.1.0~start: Failed to exec start script
14 verbose stack Error: react-router-daemi@0.1.0 start: `react-scripts start`
14 verbose stack Exit status 1
14 verbose stack     at EventEmitter.<anonymous> (/usr/share/npm/lib/utils/lifecycle.js:232:16)
14 verbose stack     at emitTwo (events.js:87:13)
14 verbose stack     at EventEmitter.emit (events.js:172:7)
14 verbose stack     at ChildProcess.<anonymous> (/usr/share/npm/lib/utils/spawn.js:24:14)
14 verbose stack     at emitTwo (events.js:87:13)
14 verbose stack     at ChildProcess.emit (events.js:172:7)
14 verbose stack     at maybeClose (internal/child_process.js:821:16)
14 verbose stack     at Process.ChildProcess._handle.onexit (internal/child_process.js:211:5)
15 verbose pkgid react-router-daemi@0.1.0
16 verbose cwd /mnt/c/Users/Pétur PC/Desktop/Gits/vef2-2018/fyrirlestrar/09/daemi/react-router
17 error Linux 4.4.0-43-Microsoft
18 error argv "/usr/bin/nodejs" "/usr/bin/npm" "start"
19 error node v4.2.6
20 error npm  v3.5.2
21 error code ELIFECYCLE
22 error react-router-daemi@0.1.0 start: `react-scripts start`
22 error Exit status 1
23 error Failed at the react-router-daemi@0.1.0 start script 'react-scripts start'.
23 error Make sure you have the latest version of node.js and npm installed.
23 error If you do, this is most likely a problem with the react-router-daemi package,
23 error not with npm itself.
23 error Tell the author that this fails on your system:
23 error     react-scripts start
23 error You can get information on how to open an issue for this project with:
23 error     npm bugs react-router-daemi
23 error Or if that isn't available, you can get their info via:
23 error     npm owner ls react-router-daemi
23 error There is likely additional logging output above.
24 verbose exit [ 1, true ]
