\BOOKMARK [1][-]{section.1}{Inngangur}{}% 1
\BOOKMARK [1][-]{section.2}{Notkun og uppsetning}{}% 2
\BOOKMARK [1][-]{section.3}{Málfræði}{}% 3
\BOOKMARK [2][-]{subsection.3.1}{Frumeiningar málsins}{section.3}% 4
\BOOKMARK [3][-]{subsubsection.3.1.1}{Athugasemd}{subsection.3.1}% 5
\BOOKMARK [3][-]{subsubsection.3.1.2}{Lykilorð}{subsection.3.1}% 6
\BOOKMARK [2][-]{subsection.3.2}{Mállýsing}{section.3}% 7
\BOOKMARK [3][-]{subsubsection.3.2.1}{Forrit}{subsection.3.2}% 8
\BOOKMARK [3][-]{subsubsection.3.2.2}{Föll}{subsection.3.2}% 9
\BOOKMARK [3][-]{subsubsection.3.2.3}{Stofnar}{subsection.3.2}% 10
\BOOKMARK [3][-]{subsubsection.3.2.4}{Segðir}{subsection.3.2}% 11
\BOOKMARK [1][-]{section.4}{Merking málsins}{}% 12
\BOOKMARK [2][-]{subsection.4.1}{Breytur}{section.4}% 13
\BOOKMARK [2][-]{subsection.4.2}{Merking segða}{section.4}% 14
\BOOKMARK [3][-]{subsubsection.4.2.1}{null-segð}{subsection.4.2}% 15
\BOOKMARK [3][-]{subsubsection.4.2.2}{true-false segð}{subsection.4.2}% 16
\BOOKMARK [3][-]{subsubsection.4.2.3}{false-segð}{subsection.4.2}% 17
\BOOKMARK [3][-]{subsubsection.4.2.4}{Heiltölusegð}{subsection.4.2}% 18
\BOOKMARK [3][-]{subsubsection.4.2.5}{Fleytitölusegð}{subsection.4.2}% 19
\BOOKMARK [3][-]{subsubsection.4.2.6}{Stafsegð}{subsection.4.2}% 20
\BOOKMARK [3][-]{subsubsection.4.2.7}{Strengsegð}{subsection.4.2}% 21
\BOOKMARK [3][-]{subsubsection.4.2.8}{return-segð}{subsection.4.2}% 22
\BOOKMARK [3][-]{subsubsection.4.2.9}{Röksegðir}{subsection.4.2}% 23
\BOOKMARK [3][-]{subsubsection.4.2.10}{Kallsegð}{subsection.4.2}% 24
\BOOKMARK [3][-]{subsubsection.4.2.11}{Tvíundaraðgerðir}{subsection.4.2}% 25
\BOOKMARK [3][-]{subsubsection.4.2.12}{Einundaraðgerðir}{subsection.4.2}% 26
\BOOKMARK [3][-]{subsubsection.4.2.13}{if-segð}{subsection.4.2}% 27
\BOOKMARK [3][-]{subsubsection.4.2.14}{while-segð}{subsection.4.2}% 28
\BOOKMARK [2][-]{subsection.4.3}{Föll og forrit}{section.4}% 29
\BOOKMARK [1][-]{section.5}{Byjaccj skrá}{}% 30
\BOOKMARK [1][-]{section.6}{Jflex skrá}{}% 31
\BOOKMARK [1][-]{section.7}{Prófun}{}% 32
